C:\Users\Shing\Desktop\Y2S2_Framework\Common\Debug\cl.command.1.tlog
C:\Users\Shing\Desktop\Y2S2_Framework\Common\Debug\CL.read.1.tlog
C:\Users\Shing\Desktop\Y2S2_Framework\Common\Debug\CL.write.1.tlog
C:\Users\Shing\Desktop\Y2S2_Framework\Common\Debug\Common.vcxprojResolveAssemblyReference.cache
C:\Users\Shing\Desktop\Y2S2_Framework\Common\Debug\Common.write.1.tlog
C:\Users\Shing\Desktop\Y2S2_Framework\Common\Debug\lib.command.1.tlog
C:\Users\Shing\Desktop\Y2S2_Framework\Common\Debug\Lib-link.read.1.tlog
C:\Users\Shing\Desktop\Y2S2_Framework\Common\Debug\Lib-link.write.1.tlog
C:\USERS\SHING\DESKTOP\Y2S2_FRAMEWORK\COMMON\DEBUG\MATHUTILITY.OBJ
C:\USERS\SHING\DESKTOP\Y2S2_FRAMEWORK\COMMON\DEBUG\MATRIXSTACK.OBJ
C:\USERS\SHING\DESKTOP\Y2S2_FRAMEWORK\COMMON\DEBUG\MTX44.OBJ
C:\USERS\SHING\DESKTOP\Y2S2_FRAMEWORK\COMMON\DEBUG\TIMER.OBJ
C:\Users\Shing\Desktop\Y2S2_Framework\Common\Debug\vc100.idb
C:\USERS\SHING\DESKTOP\Y2S2_FRAMEWORK\COMMON\DEBUG\VC100.PDB
C:\Users\Shing\Desktop\Y2S2_Framework\Common\Debug\vc120.idb
C:\Users\Shing\Desktop\Y2S2_Framework\Common\Debug\vc120.pdb
C:\USERS\SHING\DESKTOP\Y2S2_FRAMEWORK\COMMON\DEBUG\VECTOR2.OBJ
C:\USERS\SHING\DESKTOP\Y2S2_FRAMEWORK\COMMON\DEBUG\VECTOR3.OBJ
C:\USERS\SHING\DESKTOP\Y2S2_FRAMEWORK\DEBUG\COMMON.LIB
C:\USERS\SHINGLIYA\DESKTOP\SEM 2\AGDV\Y2S2_FRAMEWORK\COMMON\DEBUG\MATHUTILITY.OBJ
C:\USERS\SHINGLIYA\DESKTOP\SEM 2\AGDV\Y2S2_FRAMEWORK\COMMON\DEBUG\MATRIXSTACK.OBJ
C:\USERS\SHINGLIYA\DESKTOP\SEM 2\AGDV\Y2S2_FRAMEWORK\COMMON\DEBUG\MTX44.OBJ
C:\USERS\SHINGLIYA\DESKTOP\SEM 2\AGDV\Y2S2_FRAMEWORK\COMMON\DEBUG\TIMER.OBJ
C:\USERS\SHINGLIYA\DESKTOP\SEM 2\AGDV\Y2S2_FRAMEWORK\COMMON\DEBUG\VC100.PDB
C:\USERS\SHINGLIYA\DESKTOP\SEM 2\AGDV\Y2S2_FRAMEWORK\COMMON\DEBUG\VECTOR2.OBJ
C:\USERS\SHINGLIYA\DESKTOP\SEM 2\AGDV\Y2S2_FRAMEWORK\COMMON\DEBUG\VECTOR3.OBJ
C:\USERS\SHINGLIYA\DESKTOP\SEM 2\AGDV\Y2S2_FRAMEWORK\DEBUG\COMMON.LIB
C:\USERS\SHINGLIYA\DESKTOP\Y2S2_FRAMEWORK\COMMON\DEBUG\MATHUTILITY.OBJ
C:\USERS\SHINGLIYA\DESKTOP\Y2S2_FRAMEWORK\COMMON\DEBUG\MATRIXSTACK.OBJ
C:\USERS\SHINGLIYA\DESKTOP\Y2S2_FRAMEWORK\COMMON\DEBUG\MTX44.OBJ
C:\USERS\SHINGLIYA\DESKTOP\Y2S2_FRAMEWORK\COMMON\DEBUG\TIMER.OBJ
C:\USERS\SHINGLIYA\DESKTOP\Y2S2_FRAMEWORK\COMMON\DEBUG\VC100.PDB
C:\USERS\SHINGLIYA\DESKTOP\Y2S2_FRAMEWORK\COMMON\DEBUG\VECTOR2.OBJ
C:\USERS\SHINGLIYA\DESKTOP\Y2S2_FRAMEWORK\COMMON\DEBUG\VECTOR3.OBJ
C:\USERS\SHINGLIYA\DESKTOP\Y2S2_FRAMEWORK\DEBUG\COMMON.LIB
