Build started 12/18/2015 11:26:11 AM.
     1>Project "C:\Users\Shing\Desktop\Y2S2_Framework\Base\Base.vcxproj" on node 2 (build target(s)).
       Project file contains ToolsVersion="12.0". This toolset is unknown or missing. You may be able to resolve this by installing the appropriate .NET Framework for this toolset. Treating the project as if it had ToolsVersion="4.0".
     1>InitializeBuildStatus:
         Creating "Debug\Base.unsuccessfulbuild" because "AlwaysCreate" was specified.
       ClCompile:
         C:\Program Files (x86)\Microsoft Visual Studio 10.0\VC\bin\CL.exe /c /IC:\Users\Shing\Desktop\Y2S2_Framework\/Common/Source /IC:\Users\Shing\Desktop\Y2S2_Framework\/glew/include /IC:\Users\Shing\Desktop\Y2S2_Framework\/glfw/include /ZI /nologo /W3 /WX- /Od /Oy- /D _VARIADIC_MAX=10 /D WIN32 /D _DEBUG /D _CONSOLE /D _UNICODE /D UNICODE /Gm /EHsc /RTC1 /MDd /GS /fp:precise /Zc:wchar_t /Zc:forScope /Fo"Debug\\" /Fd"Debug\vc100.pdb" /Gd /TP /analyze- /errorReport:prompt Source\SceneManager.cpp
         SceneManager.cpp
     1>c:\users\shing\desktop\y2s2_framework\base\source\scenemanager.cpp(59): warning C4018: '<' : signed/unsigned mismatch
     1>c:\users\shing\desktop\y2s2_framework\base\source\scenemanager.cpp(191): warning C4305: 'argument' : truncation from 'double' to 'float'
     1>c:\users\shing\desktop\y2s2_framework\base\source\scenemanager.cpp(220): warning C4305: 'argument' : truncation from 'double' to 'float'
     1>c:\users\shing\desktop\y2s2_framework\base\source\scenemanager.cpp(250): warning C4305: '=' : truncation from 'double' to 'float'
     1>c:\users\shing\desktop\y2s2_framework\base\source\scenemanager.cpp(321): warning C4244: '+=' : conversion from 'double' to 'float', possible loss of data
     1>c:\users\shing\desktop\y2s2_framework\base\source\scenemanager.cpp(412): warning C4305: 'argument' : truncation from 'double' to 'float'
     1>c:\users\shing\desktop\y2s2_framework\base\source\scenemanager.cpp(705): warning C4018: '<' : signed/unsigned mismatch
     1>c:\users\shing\desktop\y2s2_framework\base\source\scenemanager.cpp(726): warning C4018: '<' : signed/unsigned mismatch
     1>c:\users\shing\desktop\y2s2_framework\base\source\scenemanager.cpp(873): warning C4244: 'argument' : conversion from 'int' to 'float', possible loss of data
     1>c:\users\shing\desktop\y2s2_framework\base\source\scenemanager.cpp(873): warning C4244: 'argument' : conversion from 'int' to 'float', possible loss of data
     1>c:\users\shing\desktop\y2s2_framework\base\source\scenemanager.cpp(875): warning C4244: 'argument' : conversion from 'int' to 'float', possible loss of data
     1>c:\users\shing\desktop\y2s2_framework\base\source\scenemanager.cpp(875): warning C4244: 'argument' : conversion from 'int' to 'float', possible loss of data
     1>c:\users\shing\desktop\y2s2_framework\base\source\scenemanager.cpp(880): warning C4305: 'argument' : truncation from 'double' to 'float'
     1>c:\users\shing\desktop\y2s2_framework\base\source\scenemanager.cpp(880): warning C4305: 'argument' : truncation from 'double' to 'float'
     1>c:\users\shing\desktop\y2s2_framework\base\source\scenemanager.cpp(890): warning C4305: 'argument' : truncation from 'double' to 'float'
     1>c:\users\shing\desktop\y2s2_framework\base\source\scenemanager.cpp(890): warning C4305: 'argument' : truncation from 'double' to 'float'
       Link:
         C:\Program Files (x86)\Microsoft Visual Studio 10.0\VC\bin\link.exe /ERRORREPORT:PROMPT /OUT:"C:\Users\Shing\Desktop\Y2S2_Framework\Debug\Base.exe" /INCREMENTAL:NO /NOLOGO /LIBPATH:C:\Users\Shing\Desktop\Y2S2_Framework\Debug /LIBPATH:"C:\Users\Shing\Desktop\Y2S2_Framework\/glfw/lib-msvc100" /LIBPATH:C:\Users\Shing\Desktop\Y2S2_Framework\/glew/lib Common.lib winmm.lib opengl32.lib glu32.lib glew32.lib glfw3.lib kernel32.lib user32.lib gdi32.lib winspool.lib comdlg32.lib advapi32.lib shell32.lib ole32.lib oleaut32.lib uuid.lib odbc32.lib odbccp32.lib /MANIFEST /ManifestFile:"Debug\Base.exe.intermediate.manifest" /MANIFESTUAC:"level='asInvoker' uiAccess='false'" /DEBUG /PDB:"C:\Users\Shing\Desktop\Y2S2_Framework\Debug\Base.pdb" /SUBSYSTEM:CONSOLE /TLBID:1 /DYNAMICBASE /NXCOMPAT /IMPLIB:"C:\Users\Shing\Desktop\Y2S2_Framework\Debug\Base.lib" /MACHINE:X86 Debug\Application.obj
         Debug\Camera.obj
         Debug\Camera3.obj
         Debug\ClickText.obj
         Debug\Defend.obj
         Debug\Enemy.obj
         Debug\EnemyManager.obj
         Debug\GameStateManager.obj
         Debug\Goodies.obj
         Debug\GoodiesFactory.obj
         Debug\IntroState.obj
         Debug\LoadOBJ.obj
         Debug\LoadTGA.obj
         Debug\main.obj
         Debug\Map.obj
         Debug\MenuState.obj
         Debug\Mesh.obj
         Debug\MeshBuilder.obj
         Debug\Minimap.obj
         Debug\Player.obj
         Debug\PlayerInfo.obj
         Debug\PlayState.obj
         Debug\Projectile.obj
         Debug\ProjectileManager.obj
         Debug\Model.obj
         Debug\Node.obj
         Debug\SceneNode.obj
         Debug\Transform.obj
         Debug\SceneManager.obj
         Debug\SceneManager2D.obj
         Debug\SceneManager2D_Intro.obj
         Debug\SceneManager2D_Menu.obj
         Debug\shader.obj
         Debug\Grid.obj
         Debug\SpatialPartition.obj
         Debug\Strategy.obj
         Debug\Strategy_Kill.obj
         Debug\TreasureChest.obj
         Debug\Utility.obj
     1>Application.obj : warning LNK4075: ignoring '/EDITANDCONTINUE' due to '/INCREMENTAL:NO' specification
     1>LINK : warning LNK4098: defaultlib 'MSVCRT' conflicts with use of other libs; use /NODEFAULTLIB:library
         Base.vcxproj -> C:\Users\Shing\Desktop\Y2S2_Framework\Debug\Base.exe
       Manifest:
         C:\Program Files (x86)\Microsoft SDKs\Windows\v7.0A\bin\mt.exe /nologo /verbose /outputresource:"C:\Users\Shing\Desktop\Y2S2_Framework\Debug\Base.exe;#1" /manifest Debug\Base.exe.intermediate.manifest
       FinalizeBuildStatus:
         Deleting file "Debug\Base.unsuccessfulbuild".
         Touching "Debug\Base.lastbuildstate".
     1>Done Building Project "C:\Users\Shing\Desktop\Y2S2_Framework\Base\Base.vcxproj" (build target(s)).

Build succeeded.

Time Elapsed 00:00:01.57
