c:\users\shingliya\desktop\y2s2_framework\common\release\vc120.pdb
c:\users\shingliya\desktop\y2s2_framework\common\release\vector3.obj
c:\users\shingliya\desktop\y2s2_framework\common\release\vector2.obj
c:\users\shingliya\desktop\y2s2_framework\common\release\timer.obj
c:\users\shingliya\desktop\y2s2_framework\common\release\mtx44.obj
c:\users\shingliya\desktop\y2s2_framework\common\release\matrixstack.obj
c:\users\shingliya\desktop\y2s2_framework\common\release\mathutility.obj
c:\users\shingliya\desktop\y2s2_framework\release\common.lib
c:\users\shingliya\desktop\y2s2_framework_144662j\common\release\mathutility.obj
c:\users\shingliya\desktop\y2s2_framework_144662j\common\release\matrixstack.obj
c:\users\shingliya\desktop\y2s2_framework_144662j\common\release\mtx44.obj
c:\users\shingliya\desktop\y2s2_framework_144662j\common\release\timer.obj
c:\users\shingliya\desktop\y2s2_framework_144662j\common\release\vector2.obj
c:\users\shingliya\desktop\y2s2_framework_144662j\common\release\vector3.obj
c:\users\shingliya\desktop\y2s2_framework_144662j\common\release\vc120.pdb
c:\users\shingliya\desktop\y2s2_framework_144662j\release\common.lib
c:\users\shingliya\desktop\y2s2_framework_144662j\common\release\common.tlog\cl.command.1.tlog
c:\users\shingliya\desktop\y2s2_framework_144662j\common\release\common.tlog\cl.read.1.tlog
c:\users\shingliya\desktop\y2s2_framework_144662j\common\release\common.tlog\cl.write.1.tlog
c:\users\shingliya\desktop\y2s2_framework_144662j\common\release\common.tlog\lib-link.read.1.tlog
c:\users\shingliya\desktop\y2s2_framework_144662j\common\release\common.tlog\lib-link.write.1.tlog
c:\users\shingliya\desktop\y2s2_framework_144662j\common\release\common.tlog\lib.command.1.tlog
