c:\users\shingliya\desktop\y2s2_framework\base\release\vc120.pdb
c:\users\shingliya\desktop\y2s2_framework\base\release\playstate.obj
c:\users\shingliya\desktop\y2s2_framework\base\release\playerinfo.obj
c:\users\shingliya\desktop\y2s2_framework\base\release\player.obj
c:\users\shingliya\desktop\y2s2_framework\base\release\minimap.obj
c:\users\shingliya\desktop\y2s2_framework\base\release\meshbuilder.obj
c:\users\shingliya\desktop\y2s2_framework\base\release\mesh.obj
c:\users\shingliya\desktop\y2s2_framework\base\release\menustate.obj
c:\users\shingliya\desktop\y2s2_framework\base\release\map.obj
c:\users\shingliya\desktop\y2s2_framework\base\release\main.obj
c:\users\shingliya\desktop\y2s2_framework\base\release\loadtga.obj
c:\users\shingliya\desktop\y2s2_framework\base\release\loadobj.obj
c:\users\shingliya\desktop\y2s2_framework\base\release\introstate.obj
c:\users\shingliya\desktop\y2s2_framework\base\release\goodiesfactory.obj
c:\users\shingliya\desktop\y2s2_framework\base\release\goodies.obj
c:\users\shingliya\desktop\y2s2_framework\base\release\gamestatemanager.obj
c:\users\shingliya\desktop\y2s2_framework\base\release\enemy.obj
c:\users\shingliya\desktop\y2s2_framework\base\release\clicktext.obj
c:\users\shingliya\desktop\y2s2_framework\base\release\camera3.obj
c:\users\shingliya\desktop\y2s2_framework\base\release\camera.obj
c:\users\shingliya\desktop\y2s2_framework\base\release\application.obj
c:\users\shingliya\desktop\y2s2_framework\base\release\utility.obj
c:\users\shingliya\desktop\y2s2_framework\base\release\treasurechest.obj
c:\users\shingliya\desktop\y2s2_framework\base\release\strategy_kill.obj
c:\users\shingliya\desktop\y2s2_framework\base\release\strategy.obj
c:\users\shingliya\desktop\y2s2_framework\base\release\shader.obj
c:\users\shingliya\desktop\y2s2_framework\base\release\scenemanager2d_intro.obj
c:\users\shingliya\desktop\y2s2_framework\base\release\scenemanager2d.obj
c:\users\shingliya\desktop\y2s2_framework\base\release\scenemanager.obj
c:\users\shingliya\desktop\y2s2_framework\base\release\transform.obj
c:\users\shingliya\desktop\y2s2_framework\base\release\scenenode.obj
c:\users\shingliya\desktop\y2s2_framework\base\release\node.obj
c:\users\shingliya\desktop\y2s2_framework\base\release\model.obj
c:\users\shingliya\desktop\y2s2_framework\base\release\projectilemanager.obj
c:\users\shingliya\desktop\y2s2_framework\base\release\projectile.obj
c:\users\shingliya\desktop\y2s2_framework\base\release\enemymanager.obj
c:\users\shingliya\desktop\y2s2_framework\base\release\defend.obj
c:\users\shingliya\desktop\y2s2_framework\base\release\spatialpartition.obj
c:\users\shingliya\desktop\y2s2_framework\base\release\grid.obj
c:\users\shingliya\desktop\y2s2_framework\base\release\scenemanager2d_menu.obj
c:\users\shingliya\desktop\y2s2_framework\release\base.exe
c:\users\shingliya\desktop\y2s2_framework\release\base.pdb
c:\users\shingliya\desktop\y2s2_framework_144662j\base\release\application.obj
c:\users\shingliya\desktop\y2s2_framework_144662j\base\release\camera.obj
c:\users\shingliya\desktop\y2s2_framework_144662j\base\release\camera3.obj
c:\users\shingliya\desktop\y2s2_framework_144662j\base\release\clicktext.obj
c:\users\shingliya\desktop\y2s2_framework_144662j\base\release\defend.obj
c:\users\shingliya\desktop\y2s2_framework_144662j\base\release\enemy.obj
c:\users\shingliya\desktop\y2s2_framework_144662j\base\release\enemymanager.obj
c:\users\shingliya\desktop\y2s2_framework_144662j\base\release\gamestatemanager.obj
c:\users\shingliya\desktop\y2s2_framework_144662j\base\release\goodies.obj
c:\users\shingliya\desktop\y2s2_framework_144662j\base\release\goodiesfactory.obj
c:\users\shingliya\desktop\y2s2_framework_144662j\base\release\grid.obj
c:\users\shingliya\desktop\y2s2_framework_144662j\base\release\introstate.obj
c:\users\shingliya\desktop\y2s2_framework_144662j\base\release\loadobj.obj
c:\users\shingliya\desktop\y2s2_framework_144662j\base\release\loadtga.obj
c:\users\shingliya\desktop\y2s2_framework_144662j\base\release\main.obj
c:\users\shingliya\desktop\y2s2_framework_144662j\base\release\map.obj
c:\users\shingliya\desktop\y2s2_framework_144662j\base\release\menustate.obj
c:\users\shingliya\desktop\y2s2_framework_144662j\base\release\mesh.obj
c:\users\shingliya\desktop\y2s2_framework_144662j\base\release\meshbuilder.obj
c:\users\shingliya\desktop\y2s2_framework_144662j\base\release\minimap.obj
c:\users\shingliya\desktop\y2s2_framework_144662j\base\release\model.obj
c:\users\shingliya\desktop\y2s2_framework_144662j\base\release\node.obj
c:\users\shingliya\desktop\y2s2_framework_144662j\base\release\player.obj
c:\users\shingliya\desktop\y2s2_framework_144662j\base\release\playerinfo.obj
c:\users\shingliya\desktop\y2s2_framework_144662j\base\release\playstate.obj
c:\users\shingliya\desktop\y2s2_framework_144662j\base\release\projectile.obj
c:\users\shingliya\desktop\y2s2_framework_144662j\base\release\projectilemanager.obj
c:\users\shingliya\desktop\y2s2_framework_144662j\base\release\scenemanager.obj
c:\users\shingliya\desktop\y2s2_framework_144662j\base\release\scenemanager2d.obj
c:\users\shingliya\desktop\y2s2_framework_144662j\base\release\scenemanager2d_intro.obj
c:\users\shingliya\desktop\y2s2_framework_144662j\base\release\scenemanager2d_menu.obj
c:\users\shingliya\desktop\y2s2_framework_144662j\base\release\scenenode.obj
c:\users\shingliya\desktop\y2s2_framework_144662j\base\release\shader.obj
c:\users\shingliya\desktop\y2s2_framework_144662j\base\release\spatialpartition.obj
c:\users\shingliya\desktop\y2s2_framework_144662j\base\release\strategy.obj
c:\users\shingliya\desktop\y2s2_framework_144662j\base\release\strategy_kill.obj
c:\users\shingliya\desktop\y2s2_framework_144662j\base\release\transform.obj
c:\users\shingliya\desktop\y2s2_framework_144662j\base\release\treasurechest.obj
c:\users\shingliya\desktop\y2s2_framework_144662j\base\release\utility.obj
c:\users\shingliya\desktop\y2s2_framework_144662j\base\release\vc120.pdb
c:\users\shingliya\desktop\y2s2_framework_144662j\release\base.pdb
c:\users\shingliya\desktop\y2s2_framework_144662j\release\base.exe
c:\users\shingliya\desktop\y2s2_framework_144662j\base\release\base.tlog\cl.command.1.tlog
c:\users\shingliya\desktop\y2s2_framework_144662j\base\release\base.tlog\cl.read.1.tlog
c:\users\shingliya\desktop\y2s2_framework_144662j\base\release\base.tlog\cl.write.1.tlog
c:\users\shingliya\desktop\y2s2_framework_144662j\base\release\base.tlog\link.command.1.tlog
c:\users\shingliya\desktop\y2s2_framework_144662j\base\release\base.tlog\link.read.1.tlog
c:\users\shingliya\desktop\y2s2_framework_144662j\base\release\base.tlog\link.write.1.tlog
